#
# There is insufficient memory for the Java Runtime Environment to continue.
# Native memory allocation (malloc) failed to allocate 32744 bytes. Error detail: Chunk::new
# Possible reasons:
#   The system is out of physical RAM or swap space
#   This process is running with CompressedOops enabled, and the Java Heap may be blocking the growth of the native heap
# Possible solutions:
#   Reduce memory load on the system
#   Increase physical memory or swap space
#   Check if swap backing store is full
#   Decrease Java heap size (-Xmx/-Xms)
#   Decrease number of Java threads
#   Decrease Java thread stack sizes (-Xss)
#   Set larger code cache with -XX:ReservedCodeCacheSize=
#   JVM is running with Zero Based Compressed Oops mode in which the Java heap is
#     placed in the first 32GB address space. The Java Heap base address is the
#     maximum limit for the native heap growth. Please use -XX:HeapBaseMinAddress
#     to set the Java Heap base and to place the Java Heap above 32GB virtual address.
# This output file may be truncated or incomplete.
#
#  Out of Memory Error (arena.cpp:162), pid=1728, tid=4180
#
# JRE version: OpenJDK Runtime Environment Zulu24.32+13-CA (24.0.2+12) (build 24.0.2+12)
# Java VM: OpenJDK 64-Bit Server VM Zulu24.32+13-CA (24.0.2+12, mixed mode, sharing, tiered, compressed oops, compressed class ptrs, g1 gc, windows-amd64)
# No core dump will be written. Minidumps are not enabled by default on client versions of Windows
#

---------------  S U M M A R Y ------------

Command Line: -Dfile.encoding=UTF-8 --module-path=C:\Users\Feby Adel\OneDrive\Documents\NetBeansProjects\library\build\classes login

Host: Intel(R) Core(TM) i7-10510U CPU @ 1.80GHz, 8 cores, 15G,  Windows 11 , 64 bit Build 26100 (10.0.26100.5074)
Time: Sun Dec 14 22:15:16 2025 Egypt Standard Time elapsed time: 0.090771 seconds (0d 0h 0m 0s)

---------------  T H R E A D  ---------------

Current thread (0x00000222318b2720):  JavaThread "C1 CompilerThread0" daemon [_thread_in_native, id=4180, stack(0x0000007e4df00000,0x0000007e4e000000) (1024K)]


Current CompileTask:
C1:90  182   !   3       java.util.concurrent.ConcurrentHashMap::putVal (432 bytes)

Stack: [0x0000007e4df00000,0x0000007e4e000000]
Native frames: (J=compiled Java code, j=interpreted, Vv=VM code, C=native code)
V  [jvm.dll+0x741329]  (no source info available)
V  [jvm.dll+0x97e243]  (no source info available)
V  [jvm.dll+0x98056d]  (no source info available)
V  [jvm.dll+0x980be3]  (no source info available)
V  [jvm.dll+0x2b5a76]  (no source info available)
V  [jvm.dll+0xd00af]  (no source info available)
V  [jvm.dll+0xd030f]  (no source info available)
V  [jvm.dll+0x1c0931]  (no source info available)
V  [jvm.dll+0x1c359e]  (no source info available)
V  [jvm.dll+0x1c3ba7]  (no source info available)
V  [jvm.dll+0x1bbfa0]  (no source info available)
V  [jvm.dll+0x1bb4ac]  (no source info available)
V  [jvm.dll+0x1c47bb]  (no source info available)
V  [jvm.dll+0x1bc627]  (no source info available)
V  [jvm.dll+0x1bfa12]  (no source info available)
V  [jvm.dll+0x1796b7]  (no source info available)
V  [jvm.dll+0x178eae]  (no source info available)
V  [jvm.dll+0x17916b]  (no source info available)
V  [jvm.dll+0x17852c]  (no source info available)
V  [jvm.dll+0x17a31d]  (no source info available)
V  [jvm.dll+0x288d95]  (no source info available)
V  [jvm.dll+0x28702a]  (no source info available)
V  [jvm.dll+0x43e016]  (no source info available)
V  [jvm.dll+0x920c78]  (no source info available)
V  [jvm.dll+0x73fab5]  (no source info available)
C  [ucrtbase.dll+0x37b0]  (no source info available)
C  [KERNEL32.DLL+0x2e8d7]  (no source info available)
C  [ntdll.dll+0x8d9c]  (no source info available)

Lock stack of current Java thread (top to bottom):


---------------  P R O C E S S  ---------------

Threads class SMR info:
_java_thread_list=0x0000022277169a20, length=11, elements={
0x000002220fd559b0, 0x00000222770024b0, 0x0000022231888fd0, 0x0000022231893ce0,
0x0000022231894810, 0x0000022231895eb0, 0x0000022231899780, 0x00000222318aeb10,
0x00000222318b2720, 0x00000222770c8c00, 0x00000222771bfd80
}

Java Threads: ( => current thread )
  0x000002220fd559b0 JavaThread "main"                              [_thread_in_vm, id=3916, stack(0x0000007e4d000000,0x0000007e4d100000) (1024K)]
  0x00000222770024b0 JavaThread "Reference Handler"          daemon [_thread_blocked, id=13636, stack(0x0000007e4d800000,0x0000007e4d900000) (1024K)]
  0x0000022231888fd0 JavaThread "Finalizer"                  daemon [_thread_blocked, id=12416, stack(0x0000007e4d900000,0x0000007e4da00000) (1024K)]
  0x0000022231893ce0 JavaThread "Signal Dispatcher"          daemon [_thread_blocked, id=16300, stack(0x0000007e4da00000,0x0000007e4db00000) (1024K)]
  0x0000022231894810 JavaThread "Attach Listener"            daemon [_thread_blocked, id=2484, stack(0x0000007e4db00000,0x0000007e4dc00000) (1024K)]
  0x0000022231895eb0 JavaThread "Service Thread"             daemon [_thread_blocked, id=9176, stack(0x0000007e4dc00000,0x0000007e4dd00000) (1024K)]
  0x0000022231899780 JavaThread "Monitor Deflation Thread"   daemon [_thread_blocked, id=14928, stack(0x0000007e4dd00000,0x0000007e4de00000) (1024K)]
  0x00000222318aeb10 JavaThread "C2 CompilerThread0"         daemon [_thread_in_native, id=14368, stack(0x0000007e4de00000,0x0000007e4df00000) (1024K)]
=>0x00000222318b2720 JavaThread "C1 CompilerThread0"         daemon [_thread_in_native, id=4180, stack(0x0000007e4df00000,0x0000007e4e000000) (1024K)]
  0x00000222770c8c00 JavaThread "Common-Cleaner"             daemon [_thread_blocked, id=14008, stack(0x0000007e4e000000,0x0000007e4e100000) (1024K)]
  0x00000222771bfd80 JavaThread "Notification Thread"        daemon [_thread_blocked, id=14856, stack(0x0000007e4e100000,0x0000007e4e200000) (1024K)]
Total: 11

Other Threads:
  0x0000022231879420 VMThread "VM Thread"                           [id=16252, stack(0x0000007e4d700000,0x0000007e4d800000) (1024K)]
  0x0000022231748100 WatcherThread "VM Periodic Task Thread"        [id=14068, stack(0x0000007e4d600000,0x0000007e4d700000) (1024K)]
  0x0000022212165200 WorkerThread "GC Thread#0"                     [id=10640, stack(0x0000007e4d100000,0x0000007e4d200000) (1024K)]
  0x000002221217ad80 ConcurrentGCThread "G1 Main Marker"            [id=15336, stack(0x0000007e4d200000,0x0000007e4d300000) (1024K)]
  0x000002221217c030 WorkerThread "G1 Conc#0"                       [id=11580, stack(0x0000007e4d300000,0x0000007e4d400000) (1024K)]
  0x00000222317295b0 ConcurrentGCThread "G1 Refine#0"               [id=13400, stack(0x0000007e4d400000,0x0000007e4d500000) (1024K)]
  0x0000022231729f40 ConcurrentGCThread "G1 Service"                [id=4056, stack(0x0000007e4d500000,0x0000007e4d600000) (1024K)]
Total: 7

Threads with active compile tasks:
C2 CompilerThread0  155  175       4       java.lang.StringLatin1::equals (36 bytes)
C1 CompilerThread0  155  182   !   3       java.util.concurrent.ConcurrentHashMap::putVal (432 bytes)
Total: 2

VM state: not at safepoint (normal execution)

VM Mutex/Monitor currently owned by a thread:  ([mutex/lock_event])
[0x00007ff87aef3048] Metaspace_lock - owner thread: 0x000002220fd559b0

Heap address: 0x0000000703000000, size: 4048 MB, Compressed Oops mode: Zero based, Oop shift amount: 3

CDS archive(s) mapped at: [0x0000022232000000-0x0000022232d40000-0x0000022232d40000), size 13893632, SharedBaseAddress: 0x0000022232000000, ArchiveRelocationMode: 1.
Compressed class space mapped at: 0x0000022233000000-0x0000022273000000, reserved size: 1073741824
UseCompressedClassPointers 1, UseCompactObjectHeaders 0
Narrow klass pointer bits 32, Max shift 3
Narrow klass base: 0x0000022232000000, Narrow klass shift: 0
Encoding Range: [0x0000022232000000 - 0x0000022332000000), (4294967296 bytes)
Klass Range:    [0x0000022232000000 - 0x0000022273000000), (1090519040 bytes)
Klass ID Range:  [8 - 1090519033) (1090519025)

GC Precious Log:
 CardTable entry size: 512
 Card Set container configuration: InlinePtr #cards 4 size 8 Array Of Cards #cards 16 size 48 Howl #buckets 8 coarsen threshold 3686 Howl Bitmap #cards 512 size 80 coarsen threshold 460 Card regions per heap region 1 cards per card region 4096
 CPUs: 8 total, 8 available
 Memory: 16187M
 Large Page Support: Disabled
 NUMA Support: Disabled
 Compressed Oops: Enabled (Zero based)
 Heap Region Size: 2M
 Heap Min Capacity: 8M
 Heap Initial Capacity: 254M
 Heap Max Capacity: 4048M
 Pre-touch: Disabled
 Parallel Workers: 8
 Concurrent Workers: 2
 Concurrent Refinement Workers: 8
 Periodic GC: Disabled

Heap:
 garbage-first heap   total reserved 4145152K, committed 262144K, used 3184K [0x0000000703000000, 0x0000000800000000)
  region size 2048K, 2 young (4096K), 0 survivors (0K)
 Metaspace       used 472K, committed 640K, reserved 1114112K
  class space    used 16K, committed 128K, reserved 1048576K

Heap Regions: E=young(eden), S=young(survivor), O=old, HS=humongous(starts), HC=humongous(continues), CS=collection set, F=free, TAMS=top-at-mark-start, PB=parsable bottom
|   0|0x0000000703000000, 0x0000000703000000, 0x0000000703200000|  0%| F|  |TAMS 0x0000000703000000| PB 0x0000000703000000| Untracked |  0
|   1|0x0000000703200000, 0x0000000703200000, 0x0000000703400000|  0%| F|  |TAMS 0x0000000703200000| PB 0x0000000703200000| Untracked |  0
|   2|0x0000000703400000, 0x0000000703400000, 0x0000000703600000|  0%| F|  |TAMS 0x0000000703400000| PB 0x0000000703400000| Untracked |  0
|   3|0x0000000703600000, 0x0000000703600000, 0x0000000703800000|  0%| F|  |TAMS 0x0000000703600000| PB 0x0000000703600000| Untracked |  0
|   4|0x0000000703800000, 0x0000000703800000, 0x0000000703a00000|  0%| F|  |TAMS 0x0000000703800000| PB 0x0000000703800000| Untracked |  0
|   5|0x0000000703a00000, 0x0000000703a00000, 0x0000000703c00000|  0%| F|  |TAMS 0x0000000703a00000| PB 0x0000000703a00000| Untracked |  0
|   6|0x0000000703c00000, 0x0000000703c00000, 0x0000000703e00000|  0%| F|  |TAMS 0x0000000703c00000| PB 0x0000000703c00000| Untracked |  0
|   7|0x0000000703e00000, 0x0000000703e00000, 0x0000000704000000|  0%| F|  |TAMS 0x0000000703e00000| PB 0x0000000703e00000| Untracked |  0
|   8|0x0000000704000000, 0x0000000704000000, 0x0000000704200000|  0%| F|  |TAMS 0x0000000704000000| PB 0x0000000704000000| Untracked |  0
|   9|0x0000000704200000, 0x0000000704200000, 0x0000000704400000|  0%| F|  |TAMS 0x0000000704200000| PB 0x0000000704200000| Untracked |  0
|  10|0x0000000704400000, 0x0000000704400000, 0x0000000704600000|  0%| F|  |TAMS 0x0000000704400000| PB 0x0000000704400000| Untracked |  0
|  11|0x0000000704600000, 0x0000000704600000, 0x0000000704800000|  0%| F|  |TAMS 0x0000000704600000| PB 0x0000000704600000| Untracked |  0
|  12|0x0000000704800000, 0x0000000704800000, 0x0000000704a00000|  0%| F|  |TAMS 0x0000000704800000| PB 0x0000000704800000| Untracked |  0
|  13|0x0000000704a00000, 0x0000000704a00000, 0x0000000704c00000|  0%| F|  |TAMS 0x0000000704a00000| PB 0x0000000704a00000| Untracked |  0
|  14|0x0000000704c00000, 0x0000000704c00000, 0x0000000704e00000|  0%| F|  |TAMS 0x0000000704c00000| PB 0x0000000704c00000| Untracked |  0
|  15|0x0000000704e00000, 0x0000000704e00000, 0x0000000705000000|  0%| F|  |TAMS 0x0000000704e00000| PB 0x0000000704e00000| Untracked |  0
|  16|0x0000000705000000, 0x0000000705000000, 0x0000000705200000|  0%| F|  |TAMS 0x0000000705000000| PB 0x0000000705000000| Untracked |  0
|  17|0x0000000705200000, 0x0000000705200000, 0x0000000705400000|  0%| F|  |TAMS 0x0000000705200000| PB 0x0000000705200000| Untracked |  0
|  18|0x0000000705400000, 0x0000000705400000, 0x0000000705600000|  0%| F|  |TAMS 0x0000000705400000| PB 0x0000000705400000| Untracked |  0
|  19|0x0000000705600000, 0x0000000705600000, 0x0000000705800000|  0%| F|  |TAMS 0x0000000705600000| PB 0x0000000705600000| Untracked |  0
|  20|0x0000000705800000, 0x0000000705800000, 0x0000000705a00000|  0%| F|  |TAMS 0x0000000705800000| PB 0x0000000705800000| Untracked |  0
|  21|0x0000000705a00000, 0x0000000705a00000, 0x0000000705c00000|  0%| F|  |TAMS 0x0000000705a00000| PB 0x0000000705a00000| Untracked |  0
|  22|0x0000000705c00000, 0x0000000705c00000, 0x0000000705e00000|  0%| F|  |TAMS 0x0000000705c00000| PB 0x0000000705c00000| Untracked |  0
|  23|0x0000000705e00000, 0x0000000705e00000, 0x0000000706000000|  0%| F|  |TAMS 0x0000000705e00000| PB 0x0000000705e00000| Untracked |  0
|  24|0x0000000706000000, 0x0000000706000000, 0x0000000706200000|  0%| F|  |TAMS 0x0000000706000000| PB 0x0000000706000000| Untracked |  0
|  25|0x0000000706200000, 0x0000000706200000, 0x0000000706400000|  0%| F|  |TAMS 0x0000000706200000| PB 0x0000000706200000| Untracked |  0
|  26|0x0000000706400000, 0x0000000706400000, 0x0000000706600000|  0%| F|  |TAMS 0x0000000706400000| PB 0x0000000706400000| Untracked |  0
|  27|0x0000000706600000, 0x0000000706600000, 0x0000000706800000|  0%| F|  |TAMS 0x0000000706600000| PB 0x0000000706600000| Untracked |  0
|  28|0x0000000706800000, 0x0000000706800000, 0x0000000706a00000|  0%| F|  |TAMS 0x0000000706800000| PB 0x0000000706800000| Untracked |  0
|  29|0x0000000706a00000, 0x0000000706a00000, 0x0000000706c00000|  0%| F|  |TAMS 0x0000000706a00000| PB 0x0000000706a00000| Untracked |  0
|  30|0x0000000706c00000, 0x0000000706c00000, 0x0000000706e00000|  0%| F|  |TAMS 0x0000000706c00000| PB 0x0000000706c00000| Untracked |  0
|  31|0x0000000706e00000, 0x0000000706e00000, 0x0000000707000000|  0%| F|  |TAMS 0x0000000706e00000| PB 0x0000000706e00000| Untracked |  0
|  32|0x0000000707000000, 0x0000000707000000, 0x0000000707200000|  0%| F|  |TAMS 0x0000000707000000| PB 0x0000000707000000| Untracked |  0
|  33|0x0000000707200000, 0x0000000707200000, 0x0000000707400000|  0%| F|  |TAMS 0x0000000707200000| PB 0x0000000707200000| Untracked |  0
|  34|0x0000000707400000, 0x0000000707400000, 0x0000000707600000|  0%| F|  |TAMS 0x0000000707400000| PB 0x0000000707400000| Untracked |  0
|  35|0x0000000707600000, 0x0000000707600000, 0x0000000707800000|  0%| F|  |TAMS 0x0000000707600000| PB 0x0000000707600000| Untracked |  0
|  36|0x0000000707800000, 0x0000000707800000, 0x0000000707a00000|  0%| F|  |TAMS 0x0000000707800000| PB 0x0000000707800000| Untracked |  0
|  37|0x0000000707a00000, 0x0000000707a00000, 0x0000000707c00000|  0%| F|  |TAMS 0x0000000707a00000| PB 0x0000000707a00000| Untracked |  0
|  38|0x0000000707c00000, 0x0000000707c00000, 0x0000000707e00000|  0%| F|  |TAMS 0x0000000707c00000| PB 0x0000000707c00000| Untracked |  0
|  39|0x0000000707e00000, 0x0000000707e00000, 0x0000000708000000|  0%| F|  |TAMS 0x0000000707e00000| PB 0x0000000707e00000| Untracked |  0
|  40|0x0000000708000000, 0x0000000708000000, 0x0000000708200000|  0%| F|  |TAMS 0x0000000708000000| PB 0x0000000708000000| Untracked |  0
|  41|0x0000000708200000, 0x0000000708200000, 0x0000000708400000|  0%| F|  |TAMS 0x0000000708200000| PB 0x0000000708200000| Untracked |  0
|  42|0x0000000708400000, 0x0000000708400000, 0x0000000708600000|  0%| F|  |TAMS 0x0000000708400000| PB 0x0000000708400000| Untracked |  0
|  43|0x0000000708600000, 0x0000000708600000, 0x0000000708800000|  0%| F|  |TAMS 0x0000000708600000| PB 0x0000000708600000| Untracked |  0
|  44|0x0000000708800000, 0x0000000708800000, 0x0000000708a00000|  0%| F|  |TAMS 0x0000000708800000| PB 0x0000000708800000| Untracked |  0
|  45|0x0000000708a00000, 0x0000000708a00000, 0x0000000708c00000|  0%| F|  |TAMS 0x0000000708a00000| PB 0x0000000708a00000| Untracked |  0
|  46|0x0000000708c00000, 0x0000000708c00000, 0x0000000708e00000|  0%| F|  |TAMS 0x0000000708c00000| PB 0x0000000708c00000| Untracked |  0
|  47|0x0000000708e00000, 0x0000000708e00000, 0x0000000709000000|  0%| F|  |TAMS 0x0000000708e00000| PB 0x0000000708e00000| Untracked |  0
|  48|0x0000000709000000, 0x0000000709000000, 0x0000000709200000|  0%| F|  |TAMS 0x0000000709000000| PB 0x0000000709000000| Untracked |  0
|  49|0x0000000709200000, 0x0000000709200000, 0x0000000709400000|  0%| F|  |TAMS 0x0000000709200000| PB 0x0000000709200000| Untracked |  0
|  50|0x0000000709400000, 0x0000000709400000, 0x0000000709600000|  0%| F|  |TAMS 0x0000000709400000| PB 0x0000000709400000| Untracked |  0
|  51|0x0000000709600000, 0x0000000709600000, 0x0000000709800000|  0%| F|  |TAMS 0x0000000709600000| PB 0x0000000709600000| Untracked |  0
|  52|0x0000000709800000, 0x0000000709800000, 0x0000000709a00000|  0%| F|  |TAMS 0x0000000709800000| PB 0x0000000709800000| Untracked |  0
|  53|0x0000000709a00000, 0x0000000709a00000, 0x0000000709c00000|  0%| F|  |TAMS 0x0000000709a00000| PB 0x0000000709a00000| Untracked |  0
|  54|0x0000000709c00000, 0x0000000709c00000, 0x0000000709e00000|  0%| F|  |TAMS 0x0000000709c00000| PB 0x0000000709c00000| Untracked |  0
|  55|0x0000000709e00000, 0x0000000709e00000, 0x000000070a000000|  0%| F|  |TAMS 0x0000000709e00000| PB 0x0000000709e00000| Untracked |  0
|  56|0x000000070a000000, 0x000000070a000000, 0x000000070a200000|  0%| F|  |TAMS 0x000000070a000000| PB 0x000000070a000000| Untracked |  0
|  57|0x000000070a200000, 0x000000070a200000, 0x000000070a400000|  0%| F|  |TAMS 0x000000070a200000| PB 0x000000070a200000| Untracked |  0
|  58|0x000000070a400000, 0x000000070a400000, 0x000000070a600000|  0%| F|  |TAMS 0x000000070a400000| PB 0x000000070a400000| Untracked |  0
|  59|0x000000070a600000, 0x000000070a600000, 0x000000070a800000|  0%| F|  |TAMS 0x000000070a600000| PB 0x000000070a600000| Untracked |  0
|  60|0x000000070a800000, 0x000000070a800000, 0x000000070aa00000|  0%| F|  |TAMS 0x000000070a800000| PB 0x000000070a800000| Untracked |  0
|  61|0x000000070aa00000, 0x000000070aa00000, 0x000000070ac00000|  0%| F|  |TAMS 0x000000070aa00000| PB 0x000000070aa00000| Untracked |  0
|  62|0x000000070ac00000, 0x000000070ac00000, 0x000000070ae00000|  0%| F|  |TAMS 0x000000070ac00000| PB 0x000000070ac00000| Untracked |  0
|  63|0x000000070ae00000, 0x000000070ae00000, 0x000000070b000000|  0%| F|  |TAMS 0x000000070ae00000| PB 0x000000070ae00000| Untracked |  0
|  64|0x000000070b000000, 0x000000070b000000, 0x000000070b200000|  0%| F|  |TAMS 0x000000070b000000| PB 0x000000070b000000| Untracked |  0
|  65|0x000000070b200000, 0x000000070b200000, 0x000000070b400000|  0%| F|  |TAMS 0x000000070b200000| PB 0x000000070b200000| Untracked |  0
|  66|0x000000070b400000, 0x000000070b400000, 0x000000070b600000|  0%| F|  |TAMS 0x000000070b400000| PB 0x000000070b400000| Untracked |  0
|  67|0x000000070b600000, 0x000000070b600000, 0x000000070b800000|  0%| F|  |TAMS 0x000000070b600000| PB 0x000000070b600000| Untracked |  0
|  68|0x000000070b800000, 0x000000070b800000, 0x000000070ba00000|  0%| F|  |TAMS 0x000000070b800000| PB 0x000000070b800000| Untracked |  0
|  69|0x000000070ba00000, 0x000000070ba00000, 0x000000070bc00000|  0%| F|  |TAMS 0x000000070ba00000| PB 0x000000070ba00000| Untracked |  0
|  70|0x000000070bc00000, 0x000000070bc00000, 0x000000070be00000|  0%| F|  |TAMS 0x000000070bc00000| PB 0x000000070bc00000| Untracked |  0
|  71|0x000000070be00000, 0x000000070be00000, 0x000000070c000000|  0%| F|  |TAMS 0x000000070be00000| PB 0x000000070be00000| Untracked |  0
|  72|0x000000070c000000, 0x000000070c000000, 0x000000070c200000|  0%| F|  |TAMS 0x000000070c000000| PB 0x000000070c000000| Untracked |  0
|  73|0x000000070c200000, 0x000000070c200000, 0x000000070c400000|  0%| F|  |TAMS 0x000000070c200000| PB 0x000000070c200000| Untracked |  0
|  74|0x000000070c400000, 0x000000070c400000, 0x000000070c600000|  0%| F|  |TAMS 0x000000070c400000| PB 0x000000070c400000| Untracked |  0
|  75|0x000000070c600000, 0x000000070c600000, 0x000000070c800000|  0%| F|  |TAMS 0x000000070c600000| PB 0x000000070c600000| Untracked |  0
|  76|0x000000070c800000, 0x000000070c800000, 0x000000070ca00000|  0%| F|  |TAMS 0x000000070c800000| PB 0x000000070c800000| Untracked |  0
|  77|0x000000070ca00000, 0x000000070ca00000, 0x000000070cc00000|  0%| F|  |TAMS 0x000000070ca00000| PB 0x000000070ca00000| Untracked |  0
|  78|0x000000070cc00000, 0x000000070cc00000, 0x000000070ce00000|  0%| F|  |TAMS 0x000000070cc00000| PB 0x000000070cc00000| Untracked |  0
|  79|0x000000070ce00000, 0x000000070ce00000, 0x000000070d000000|  0%| F|  |TAMS 0x000000070ce00000| PB 0x000000070ce00000| Untracked |  0
|  80|0x000000070d000000, 0x000000070d000000, 0x000000070d200000|  0%| F|  |TAMS 0x000000070d000000| PB 0x000000070d000000| Untracked |  0
|  81|0x000000070d200000, 0x000000070d200000, 0x000000070d400000|  0%| F|  |TAMS 0x000000070d200000| PB 0x000000070d200000| Untracked |  0
|  82|0x000000070d400000, 0x000000070d400000, 0x000000070d600000|  0%| F|  |TAMS 0x000000070d400000| PB 0x000000070d400000| Untracked |  0
|  83|0x000000070d600000, 0x000000070d600000, 0x000000070d800000|  0%| F|  |TAMS 0x000000070d600000| PB 0x000000070d600000| Untracked |  0
|  84|0x000000070d800000, 0x000000070d800000, 0x000000070da00000|  0%| F|  |TAMS 0x000000070d800000| PB 0x000000070d800000| Untracked |  0
|  85|0x000000070da00000, 0x000000070da00000, 0x000000070dc00000|  0%| F|  |TAMS 0x000000070da00000| PB 0x000000070da00000| Untracked |  0
|  86|0x000000070dc00000, 0x000000070dc00000, 0x000000070de00000|  0%| F|  |TAMS 0x000000070dc00000| PB 0x000000070dc00000| Untracked |  0
|  87|0x000000070de00000, 0x000000070de00000, 0x000000070e000000|  0%| F|  |TAMS 0x000000070de00000| PB 0x000000070de00000| Untracked |  0
|  88|0x000000070e000000, 0x000000070e000000, 0x000000070e200000|  0%| F|  |TAMS 0x000000070e000000| PB 0x000000070e000000| Untracked |  0
|  89|0x000000070e200000, 0x000000070e200000, 0x000000070e400000|  0%| F|  |TAMS 0x000000070e200000| PB 0x000000070e200000| Untracked |  0
|  90|0x000000070e400000, 0x000000070e400000, 0x000000070e600000|  0%| F|  |TAMS 0x000000070e400000| PB 0x000000070e400000| Untracked |  0
|  91|0x000000070e600000, 0x000000070e600000, 0x000000070e800000|  0%| F|  |TAMS 0x000000070e600000| PB 0x000000070e600000| Untracked |  0
|  92|0x000000070e800000, 0x000000070e800000, 0x000000070ea00000|  0%| F|  |TAMS 0x000000070e800000| PB 0x000000070e800000| Untracked |  0
|  93|0x000000070ea00000, 0x000000070ea00000, 0x000000070ec00000|  0%| F|  |TAMS 0x000000070ea00000| PB 0x000000070ea00000| Untracked |  0
|  94|0x000000070ec00000, 0x000000070ec00000, 0x000000070ee00000|  0%| F|  |TAMS 0x000000070ec00000| PB 0x000000070ec00000| Untracked |  0
|  95|0x000000070ee00000, 0x000000070ee00000, 0x000000070f000000|  0%| F|  |TAMS 0x000000070ee00000| PB 0x000000070ee00000| Untracked |  0
|  96|0x000000070f000000, 0x000000070f000000, 0x000000070f200000|  0%| F|  |TAMS 0x000000070f000000| PB 0x000000070f000000| Untracked |  0
|  97|0x000000070f200000, 0x000000070f200000, 0x000000070f400000|  0%| F|  |TAMS 0x000000070f200000| PB 0x000000070f200000| Untracked |  0
|  98|0x000000070f400000, 0x000000070f400000, 0x000000070f600000|  0%| F|  |TAMS 0x000000070f400000| PB 0x000000070f400000| Untracked |  0
|  99|0x000000070f600000, 0x000000070f600000, 0x000000070f800000|  0%| F|  |TAMS 0x000000070f600000| PB 0x000000070f600000| Untracked |  0
| 100|0x000000070f800000, 0x000000070f800000, 0x000000070fa00000|  0%| F|  |TAMS 0x000000070f800000| PB 0x000000070f800000| Untracked |  0
| 101|0x000000070fa00000, 0x000000070fa00000, 0x000000070fc00000|  0%| F|  |TAMS 0x000000070fa00000| PB 0x000000070fa00000| Untracked |  0
| 102|0x000000070fc00000, 0x000000070fc00000, 0x000000070fe00000|  0%| F|  |TAMS 0x000000070fc00000| PB 0x000000070fc00000| Untracked |  0
| 103|0x000000070fe00000, 0x000000070fe00000, 0x0000000710000000|  0%| F|  |TAMS 0x000000070fe00000| PB 0x000000070fe00000| Untracked |  0
| 104|0x0000000710000000, 0x0000000710000000, 0x0000000710200000|  0%| F|  |TAMS 0x0000000710000000| PB 0x0000000710000000| Untracked |  0
| 105|0x0000000710200000, 0x0000000710200000, 0x0000000710400000|  0%| F|  |TAMS 0x0000000710200000| PB 0x0000000710200000| Untracked |  0
| 106|0x0000000710400000, 0x0000000710400000, 0x0000000710600000|  0%| F|  |TAMS 0x0000000710400000| PB 0x0000000710400000| Untracked |  0
| 107|0x0000000710600000, 0x0000000710600000, 0x0000000710800000|  0%| F|  |TAMS 0x0000000710600000| PB 0x0000000710600000| Untracked |  0
| 108|0x0000000710800000, 0x0000000710800000, 0x0000000710a00000|  0%| F|  |TAMS 0x0000000710800000| PB 0x0000000710800000| Untracked |  0
| 109|0x0000000710a00000, 0x0000000710a00000, 0x0000000710c00000|  0%| F|  |TAMS 0x0000000710a00000| PB 0x0000000710a00000| Untracked |  0
| 110|0x0000000710c00000, 0x0000000710c00000, 0x0000000710e00000|  0%| F|  |TAMS 0x0000000710c00000| PB 0x0000000710c00000| Untracked |  0
| 111|0x0000000710e00000, 0x0000000710e00000, 0x0000000711000000|  0%| F|  |TAMS 0x0000000710e00000| PB 0x0000000710e00000| Untracked |  0
| 112|0x0000000711000000, 0x0000000711000000, 0x0000000711200000|  0%| F|  |TAMS 0x0000000711000000| PB 0x0000000711000000| Untracked |  0
| 113|0x0000000711200000, 0x0000000711200000, 0x0000000711400000|  0%| F|  |TAMS 0x0000000711200000| PB 0x0000000711200000| Untracked |  0
| 114|0x0000000711400000, 0x0000000711400000, 0x0000000711600000|  0%| F|  |TAMS 0x0000000711400000| PB 0x0000000711400000| Untracked |  0
| 115|0x0000000711600000, 0x0000000711600000, 0x0000000711800000|  0%| F|  |TAMS 0x0000000711600000| PB 0x0000000711600000| Untracked |  0
| 116|0x0000000711800000, 0x0000000711800000, 0x0000000711a00000|  0%| F|  |TAMS 0x0000000711800000| PB 0x0000000711800000| Untracked |  0
| 117|0x0000000711a00000, 0x0000000711a00000, 0x0000000711c00000|  0%| F|  |TAMS 0x0000000711a00000| PB 0x0000000711a00000| Untracked |  0
| 118|0x0000000711c00000, 0x0000000711c00000, 0x0000000711e00000|  0%| F|  |TAMS 0x0000000711c00000| PB 0x0000000711c00000| Untracked |  0
| 119|0x0000000711e00000, 0x0000000711e00000, 0x0000000712000000|  0%| F|  |TAMS 0x0000000711e00000| PB 0x0000000711e00000| Untracked |  0
| 120|0x0000000712000000, 0x0000000712000000, 0x0000000712200000|  0%| F|  |TAMS 0x0000000712000000| PB 0x0000000712000000| Untracked |  0
| 121|0x0000000712200000, 0x0000000712200000, 0x0000000712400000|  0%| F|  |TAMS 0x0000000712200000| PB 0x0000000712200000| Untracked |  0
| 122|0x0000000712400000, 0x0000000712400000, 0x0000000712600000|  0%| F|  |TAMS 0x0000000712400000| PB 0x0000000712400000| Untracked |  0
| 123|0x0000000712600000, 0x0000000712600000, 0x0000000712800000|  0%| F|  |TAMS 0x0000000712600000| PB 0x0000000712600000| Untracked |  0
| 124|0x0000000712800000, 0x0000000712800000, 0x0000000712a00000|  0%| F|  |TAMS 0x0000000712800000| PB 0x0000000712800000| Untracked |  0
| 125|0x0000000712a00000, 0x0000000712beb910, 0x0000000712c00000| 96%| E|  |TAMS 0x0000000712a00000| PB 0x0000000712a00000| Complete |  0
| 126|0x0000000712c00000, 0x0000000712e00000, 0x0000000712e00000|100%| E|CS|TAMS 0x0000000712c00000| PB 0x0000000712c00000| Complete |  0
|2023|0x00000007ffe00000, 0x00000007fff1c318, 0x0000000800000000| 55%| O|  |TAMS 0x00000007ffe00000| PB 0x00000007ffe00000| Untracked |  0

Card table byte_map: [0x000002222a720000,0x000002222af10000] _byte_map_base: 0x0000022226f08000

Marking Bits: (CMBitMap*) 0x0000022212165910
 Bits: [0x000002222af10000, 0x000002222ee50000)

Polling page: 0x000002220ff30000

Metaspace:

Usage:
  Non-class:    455.17 KB used.
      Class:     16.96 KB used.
       Both:    472.13 KB used.

Virtual space:
  Non-class space:       64.00 MB reserved,     512.00 KB ( <1%) committed,  1 nodes.
      Class space:        1.00 GB reserved,     128.00 KB ( <1%) committed,  1 nodes.
             Both:        1.06 GB reserved,     640.00 KB ( <1%) committed. 

Chunk freelists:
   Non-Class:  11.99 MB
       Class:  15.75 MB
        Both:  27.74 MB

MaxMetaspaceSize: unlimited
CompressedClassSpaceSize: 1.00 GB
Initial GC threshold: 21.00 MB
Current GC threshold: 21.00 MB
CDS: on
 - commit_granule_bytes: 65536.
 - commit_granule_words: 8192.
 - virtual_space_node_default_size: 8388608.
 - enlarge_chunks_in_place: 1.
UseCompressedClassPointers 1, UseCompactObjectHeaders 0
Narrow klass pointer bits 32, Max shift 3
Narrow klass base: 0x0000022232000000, Narrow klass shift: 0
Encoding Range: [0x0000022232000000 - 0x0000022332000000), (4294967296 bytes)
Klass Range:    [0x0000022232000000 - 0x0000022273000000), (1090519040 bytes)
Klass ID Range:  [8 - 1090519033) (1090519025)


Internal statistics:

num_allocs_failed_limit: 0.
num_arena_births: 8.
num_arena_deaths: 0.
num_vsnodes_births: 2.
num_vsnodes_deaths: 0.
num_space_committed: 10.
num_space_uncommitted: 0.
num_chunks_returned_to_freelist: 0.
num_chunks_taken_from_freelist: 9.
num_chunk_merges: 0.
num_chunk_splits: 6.
num_chunks_enlarged: 2.
num_inconsistent_stats: 0.

CodeHeap 'non-profiled nmethods': size=120064Kb used=65Kb max_used=65Kb free=119998Kb
 bounds [0x00000222226c0000, 0x0000022222930000, 0x0000022229c00000]
CodeHeap 'profiled nmethods': size=120000Kb used=124Kb max_used=124Kb free=119875Kb
 bounds [0x000002221ac00000, 0x000002221ae70000, 0x0000022222130000]
CodeHeap 'non-nmethods': size=5696Kb used=1211Kb max_used=1213Kb free=4484Kb
 bounds [0x0000022222130000, 0x00000222223a0000, 0x00000222226c0000]
CodeCache: size=245760Kb, used=1400Kb, max_used=1402Kb, free=244357Kb
 total_blobs=558, nmethods=182, adapters=282, full_count=0
Compilation: enabled, stopped_count=0, restarted_count=0

Compilation events (20 events):
Event: 0.087 Thread 0x00000222318aeb10 nmethod 169 0x00000222226cda08 code [0x00000222226cdb20, 0x00000222226cdc50]
Event: 0.087 Thread 0x00000222318aeb10  170       4       java.lang.module.ModuleDescriptor$Exports::isQualified (18 bytes)
Event: 0.087 Thread 0x00000222318b2720 nmethod 172 0x000002221ac1e088 code [0x000002221ac1e1c0, 0x000002221ac1e598]
Event: 0.087 Thread 0x00000222318b2720  173       3       java.util.HashMap$KeySet::iterator (12 bytes)
Event: 0.087 Thread 0x00000222318b2720 nmethod 173 0x000002221ac1e608 code [0x000002221ac1e740, 0x000002221ac1e950]
Event: 0.087 Thread 0x00000222318b2720  174       3       java.util.HashMap$KeyIterator::<init> (6 bytes)
Event: 0.087 Thread 0x00000222318b2720 nmethod 174 0x000002221ac1e988 code [0x000002221ac1eaa0, 0x000002221ac1ebd0]
Event: 0.087 Thread 0x00000222318b2720  153       3       java.lang.module.ResolvedModule::hashCode (16 bytes)
Event: 0.087 Thread 0x00000222318b2720 nmethod 153 0x000002221ac1ec88 code [0x000002221ac1edc0, 0x000002221ac1efe8]
Event: 0.087 Thread 0x00000222318b2720  150       1       java.util.HashMap$Node::getKey (5 bytes)
Event: 0.088 Thread 0x00000222318aeb10 nmethod 170 0x00000222226cdd08 code [0x00000222226cde20, 0x00000222226cdef8]
Event: 0.088 Thread 0x00000222318b2720 nmethod 150 0x00000222226ce008 code [0x00000222226ce100, 0x00000222226ce1c8]
Event: 0.088 Thread 0x00000222318aeb10  175       4       java.lang.StringLatin1::equals (36 bytes)
Event: 0.088 Thread 0x00000222318b2720  152       1       java.util.HashMap$Node::getValue (5 bytes)
Event: 0.088 Thread 0x00000222318b2720 nmethod 152 0x00000222226ce308 code [0x00000222226ce400, 0x00000222226ce4c8]
Event: 0.088 Thread 0x00000222318b2720  165       1       java.lang.module.ModuleDescriptor::provides (5 bytes)
Event: 0.088 Thread 0x00000222318b2720 nmethod 165 0x00000222226ce608 code [0x00000222226ce700, 0x00000222226ce7c8]
Event: 0.088 Thread 0x00000222318b2720  171       1       java.lang.module.ModuleDescriptor::uses (5 bytes)
Event: 0.088 Thread 0x00000222318b2720 nmethod 171 0x00000222226ce908 code [0x00000222226cea00, 0x00000222226ceac8]
Event: 0.088 Thread 0x00000222318b2720  182   !   3       java.util.concurrent.ConcurrentHashMap::putVal (432 bytes)

GC Heap History (0 events):
No events

Dll operation events (4 events):
Event: 0.010 Loaded shared library C:\Program Files\Apache NetBeans\jdk\bin\java.dll
Event: 0.041 Loaded shared library C:\Program Files\Apache NetBeans\jdk\bin\jsvml.dll
Event: 0.072 Loaded shared library C:\Program Files\Apache NetBeans\jdk\bin\net.dll
Event: 0.074 Loaded shared library C:\Program Files\Apache NetBeans\jdk\bin\nio.dll

Deoptimization events (0 events):
No events

Classes loaded (20 events):
Event: 0.075 Loading class java/nio/file/DirectoryStream done
Event: 0.075 Loading class sun/nio/fs/WindowsDirectoryStream done
Event: 0.075 Loading class sun/nio/fs/WindowsDirectoryStream$WindowsDirectoryIterator
Event: 0.075 Loading class sun/nio/fs/WindowsDirectoryStream$WindowsDirectoryIterator done
Event: 0.076 Loading class sun/nio/fs/WindowsPath$WindowsPathWithAttributes
Event: 0.076 Loading class sun/nio/fs/BasicFileAttributesHolder
Event: 0.076 Loading class sun/nio/fs/BasicFileAttributesHolder done
Event: 0.076 Loading class sun/nio/fs/WindowsPath$WindowsPathWithAttributes done
Event: 0.077 Loading class java/nio/file/attribute/FileAttribute
Event: 0.077 Loading class java/nio/file/attribute/FileAttribute done
Event: 0.077 Loading class sun/nio/fs/WindowsSecurityDescriptor
Event: 0.077 Loading class sun/nio/fs/WindowsSecurityDescriptor done
Event: 0.077 Loading class sun/nio/fs/WindowsChannelFactory
Event: 0.077 Loading class sun/nio/fs/WindowsChannelFactory done
Event: 0.077 Loading class sun/nio/fs/WindowsChannelFactory$1
Event: 0.077 Loading class sun/nio/fs/WindowsChannelFactory$1 done
Event: 0.077 Loading class sun/nio/fs/WindowsChannelFactory$Flags
Event: 0.077 Loading class sun/nio/fs/WindowsChannelFactory$Flags done
Event: 0.082 Loading class jdk/internal/module/ModuleReferenceImpl$CachedHash
Event: 0.082 Loading class jdk/internal/module/ModuleReferenceImpl$CachedHash done

Classes unloaded (0 events):
No events

Classes redefined (0 events):
No events

Internal exceptions (3 events):
Event: 0.075 Thread 0x000002220fd559b0 Exception <a 'sun/nio/fs/WindowsException'{0x0000000712cd9fd8}> (0x0000000712cd9fd8) 
thrown [s\src\hotspot\share\prims\jni.cpp, line 518]
Event: 0.078 Thread 0x000002220fd559b0 Exception <a 'sun/nio/fs/WindowsException'{0x0000000712cdf998}> (0x0000000712cdf998) 
thrown [s\src\hotspot\share\prims\jni.cpp, line 518]
Event: 0.079 Thread 0x000002220fd559b0 Exception <a 'sun/nio/fs/WindowsException'{0x0000000712ce5130}> (0x0000000712ce5130) 
thrown [s\src\hotspot\share\prims\jni.cpp, line 518]

VM Operations (2 events):
Event: 0.081 Executing VM operation: HandshakeAllThreads (Deoptimize)
Event: 0.081 Executing VM operation: HandshakeAllThreads (Deoptimize) done

Memory protections (0 events):
No events

Nmethod flushes (0 events):
No events

Events (10 events):
Event: 0.024 Thread 0x000002220fd559b0 Thread added: 0x000002220fd559b0
Event: 0.038 Thread 0x000002220fd559b0 Thread added: 0x00000222770024b0
Event: 0.038 Thread 0x000002220fd559b0 Thread added: 0x0000022231888fd0
Event: 0.038 Thread 0x000002220fd559b0 Thread added: 0x0000022231893ce0
Event: 0.038 Thread 0x000002220fd559b0 Thread added: 0x0000022231894810
Event: 0.038 Thread 0x000002220fd559b0 Thread added: 0x0000022231895eb0
Event: 0.038 Thread 0x000002220fd559b0 Thread added: 0x0000022231899780
Event: 0.039 Thread 0x000002220fd559b0 Thread added: 0x00000222318aeb10
Event: 0.039 Thread 0x000002220fd559b0 Thread added: 0x00000222318b2720
Event: 0.071 Thread 0x000002220fd559b0 Thread added: 0x00000222770c8c00


Dynamic libraries:
0x00007ff79e290000 - 0x00007ff79e29e000 	C:\Program Files\Apache NetBeans\jdk\bin\java.exe
0x00007ff8c2440000 - 0x00007ff8c26a9000 	C:\WINDOWS\SYSTEM32\ntdll.dll
0x00007ff8c1040000 - 0x00007ff8c1109000 	C:\WINDOWS\System32\KERNEL32.DLL
0x00007ff8bf890000 - 0x00007ff8bfc83000 	C:\WINDOWS\System32\KERNELBASE.dll
0x00007ff8bf710000 - 0x00007ff8bf85b000 	C:\WINDOWS\System32\ucrtbase.dll
0x00007ff8a7450000 - 0x00007ff8a746e000 	C:\Program Files\Apache NetBeans\jdk\bin\VCRUNTIME140.dll
0x00007ff8a1740000 - 0x00007ff8a1756000 	C:\Program Files\Apache NetBeans\jdk\bin\jli.dll
0x00007ff8c2110000 - 0x00007ff8c22d4000 	C:\WINDOWS\System32\USER32.dll
0x00007ff8abf30000 - 0x00007ff8ac1c3000 	C:\WINDOWS\WinSxS\amd64_microsoft.windows.common-controls_6595b64144ccf1df_6.0.26100.5074_none_3e0d6f78e32fd63f\COMCTL32.dll
0x00007ff8bf860000 - 0x00007ff8bf887000 	C:\WINDOWS\System32\win32u.dll
0x00007ff8c0210000 - 0x00007ff8c023b000 	C:\WINDOWS\System32\GDI32.dll
0x00007ff8c0830000 - 0x00007ff8c08d9000 	C:\WINDOWS\System32\msvcrt.dll
0x00007ff8c00e0000 - 0x00007ff8c020d000 	C:\WINDOWS\System32\gdi32full.dll
0x00007ff8bf5d0000 - 0x00007ff8bf673000 	C:\WINDOWS\System32\msvcp_win.dll
0x00007ff8c1c80000 - 0x00007ff8c1caf000 	C:\WINDOWS\System32\IMM32.DLL
0x00007ff8bc220000 - 0x00007ff8bc22c000 	C:\Program Files\Apache NetBeans\jdk\bin\vcruntime140_1.dll
0x00007ff893c20000 - 0x00007ff893cad000 	C:\Program Files\Apache NetBeans\jdk\bin\msvcp140.dll
0x00007ff87a160000 - 0x00007ff87afdc000 	C:\Program Files\Apache NetBeans\jdk\bin\server\jvm.dll
0x00007ff8c1f10000 - 0x00007ff8c1fc4000 	C:\WINDOWS\System32\ADVAPI32.dll
0x00007ff8c1fd0000 - 0x00007ff8c2076000 	C:\WINDOWS\System32\sechost.dll
0x00007ff8c22e0000 - 0x00007ff8c23f8000 	C:\WINDOWS\System32\RPCRT4.dll
0x00007ff8c1e90000 - 0x00007ff8c1f04000 	C:\WINDOWS\System32\WS2_32.dll
0x00007ff8bf450000 - 0x00007ff8bf4ae000 	C:\WINDOWS\SYSTEM32\POWRPROF.dll
0x00007ff8b4180000 - 0x00007ff8b41b5000 	C:\WINDOWS\SYSTEM32\WINMM.dll
0x00007ff8b7760000 - 0x00007ff8b776b000 	C:\WINDOWS\SYSTEM32\VERSION.dll
0x00007ff8bf430000 - 0x00007ff8bf444000 	C:\WINDOWS\SYSTEM32\UMPDC.dll
0x00007ff8be3b0000 - 0x00007ff8be3cb000 	C:\WINDOWS\SYSTEM32\kernel.appcore.dll
0x00007ff8a5ad0000 - 0x00007ff8a5ada000 	C:\Program Files\Apache NetBeans\jdk\bin\jimage.dll
0x00007ff8bcf30000 - 0x00007ff8bd172000 	C:\WINDOWS\SYSTEM32\DBGHELP.DLL
0x00007ff8c17d0000 - 0x00007ff8c1b4b000 	C:\WINDOWS\System32\combase.dll
0x00007ff8c06e0000 - 0x00007ff8c07b7000 	C:\WINDOWS\System32\OLEAUT32.dll
0x00007ff8baff0000 - 0x00007ff8bb02d000 	C:\WINDOWS\SYSTEM32\dbgcore.DLL
0x00007ff8bfec0000 - 0x00007ff8bff59000 	C:\WINDOWS\System32\bcryptPrimitives.dll
0x00007ff8a7410000 - 0x00007ff8a742e000 	C:\Program Files\Apache NetBeans\jdk\bin\java.dll
0x00007ff8c15a0000 - 0x00007ff8c1738000 	C:\WINDOWS\System32\ole32.dll
0x00007ff8c08e0000 - 0x00007ff8c102d000 	C:\WINDOWS\System32\SHELL32.dll
0x00007ff8bfd50000 - 0x00007ff8bfebc000 	C:\WINDOWS\System32\wintypes.dll
0x00007ff8bd270000 - 0x00007ff8bdac9000 	C:\WINDOWS\SYSTEM32\windows.storage.dll
0x00007ff8c1cc0000 - 0x00007ff8c1db0000 	C:\WINDOWS\System32\SHCORE.dll
0x00007ff8c1530000 - 0x00007ff8c1592000 	C:\WINDOWS\System32\shlwapi.dll
0x00007ff8bf4f0000 - 0x00007ff8bf519000 	C:\WINDOWS\SYSTEM32\profapi.dll
0x00007ff886d80000 - 0x00007ff886e57000 	C:\Program Files\Apache NetBeans\jdk\bin\jsvml.dll
0x00007ff8a5ab0000 - 0x00007ff8a5ac0000 	C:\Program Files\Apache NetBeans\jdk\bin\net.dll
0x00007ff8be930000 - 0x00007ff8be99b000 	C:\WINDOWS\system32\mswsock.dll
0x00007ff899f50000 - 0x00007ff899f66000 	C:\Program Files\Apache NetBeans\jdk\bin\nio.dll
0x00007ff899f70000 - 0x00007ff899f87000 	C:\Program Files\Apache NetBeans\jdk\bin\zip.dll

JVMTI agents: none

dbghelp: loaded successfully - version: 4.0.5 - missing functions: none
symbol engine: initialized successfully - sym options: 0x614 - pdb path: .;C:\Program Files\Apache NetBeans\jdk\bin;C:\WINDOWS\SYSTEM32;C:\WINDOWS\WinSxS\amd64_microsoft.windows.common-controls_6595b64144ccf1df_6.0.26100.5074_none_3e0d6f78e32fd63f;C:\Program Files\Apache NetBeans\jdk\bin\server

VM Arguments:
jvm_args: -Dfile.encoding=UTF-8 --module-path=C:\Users\Feby Adel\OneDrive\Documents\NetBeansProjects\library\build\classes 
java_command: login
java_class_path (initial): C:\Program Files\Apache NetBeans\java\modules\ext\AbsoluteLayout.jar;C:\connector\mysql-connector-j-9.4.0;C:\connector;C:\connector\mysql-connector-j-9.4.0\mysql-connector-j-9.4.0.jar;C:\Calender\jcalendar-1.3.2 (1).jar;C:\rs2xml.jar;C:\Users\Feby Adel\OneDrive\Documents\NetBeansProjects\library\build\classes
Launcher Type: SUN_STANDARD

[Global flags]
     intx CICompilerCount                          = 4                                         {product} {ergonomic}
     uint ConcGCThreads                            = 2                                         {product} {ergonomic}
     uint G1ConcRefinementThreads                  = 8                                         {product} {ergonomic}
   size_t G1HeapRegionSize                         = 2097152                                   {product} {ergonomic}
   size_t InitialHeapSize                          = 266338304                                 {product} {ergonomic}
   size_t MarkStackSize                            = 4194304                                   {product} {ergonomic}
   size_t MarkStackSizeMax                         = 536870912                                 {product} {ergonomic}
   size_t MaxHeapSize                              = 4244635648                                {product} {ergonomic}
   size_t MaxNewSize                               = 2545942528                                {product} {ergonomic}
   size_t MinHeapDeltaBytes                        = 2097152                                   {product} {ergonomic}
   size_t MinHeapSize                              = 8388608                                   {product} {ergonomic}
    uintx NonNMethodCodeHeapSize                   = 5832704                                {pd product} {ergonomic}
    uintx NonProfiledCodeHeapSize                  = 122945536                              {pd product} {ergonomic}
    uintx ProfiledCodeHeapSize                     = 122880000                              {pd product} {ergonomic}
    uintx ReservedCodeCacheSize                    = 251658240                              {pd product} {ergonomic}
     bool SegmentedCodeCache                       = true                                      {product} {ergonomic}
   size_t SoftMaxHeapSize                          = 4244635648                             {manageable} {ergonomic}
     bool UseCompressedOops                        = true                           {product lp64_product} {ergonomic}
     bool UseG1GC                                  = true                                      {product} {ergonomic}
     bool UseLargePagesIndividualAllocation        = false                                  {pd product} {ergonomic}

Logging:
Log output configuration:
 #0: stdout all=warning uptime,level,tags foldmultilines=false
 #1: stderr all=off uptime,level,tags foldmultilines=false

Environment Variables:
PATH=C:\WINDOWS\system32;C:\WINDOWS;C:\WINDOWS\System32\Wbem;C:\WINDOWS\System32\WindowsPowerShell\v1.0\;C:\WINDOWS\System32\OpenSSH\;C:\Program Files\MATLAB\R2017b\bin;C:\Program Files\dotnet\;C:\Program Files\MATLAB\R2024a\runtime\win64;C:\Program Files\MATLAB\R2024a\bin;C:\Program Files (x86)\Microsoft SQL Server\80\Tools\Binn\;C:\Program Files (x86)\IVI Foundation\VISA\WinNT\Bin\;C:\Program Files\IVI Foundation\VISA\Win64\Bin\;C:\Program Files (x86)\National Instruments\Shared\LabVIEW CLI;C:\Program Files (x86)\IVI Foundation\VISA\WinNT\Bin;C:\Program Files (x86)\IVI Foundation\IVI\bin;C:\Program Files\IVI Foundation\IVI\bin;C:\Program Files (x86)\Microsoft SQL Server\100\Tools\Binn\;C:\Program Files (x86)\Microsoft SQL Server\100\DTS\Binn\;C:\MinGW\bin;C:\src\flutter\bin;C:\Program Files (x86)\Windows Kits\10\Windows Performance Toolkit\;C:\Program Files\Git\cmd;C:\Users\Feby Adel\AppData\Local\Android\Sdk\platform-tools;C:\Users\Feby Adel\AppData\Local\Android\Sdk\tools;C:\Users\Feby Adel\AppData\Local\Microsoft\WindowsApps;C:\Users\Feby Adel\AppData\Local\Programs\Microsoft VS Code\bin;C:\src\flutter\bin;
USERNAME=Feby Adel
OS=Windows_NT
PROCESSOR_IDENTIFIER=Intel64 Family 6 Model 142 Stepping 12, GenuineIntel
TMP=C:\Users\FEBYAD~1\AppData\Local\Temp
TEMP=C:\Users\FEBYAD~1\AppData\Local\Temp




Periodic native trim disabled

---------------  S Y S T E M  ---------------

OS:
 Windows 11 , 64 bit Build 26100 (10.0.26100.5074)
OS uptime: 0 days 11:37 hours

CPU: total 8 (initial active 8) (4 cores per cpu, 2 threads per core) family 6 model 142 stepping 12 microcode 0xde, cx8, cmov, fxsr, ht, mmx, 3dnowpref, sse, sse2, sse3, ssse3, sse4.1, sse4.2, popcnt, lzcnt, tsc, tscinvbit, avx, avx2, aes, erms, clmul, bmi1, bmi2, adx, fma, vzeroupper, clflush, clflushopt, rdtscp, f16c
Processor Information for the first 8 processors :
  Max Mhz: 2304, Current Mhz: 1803, Mhz Limit: 1797

Memory: 4k page, system-wide physical 16187M (5747M free)
TotalPageFile size 17211M (AvailPageFile size 3M)
current process WorkingSet (physical memory assigned to process): 42M, peak: 42M
current process commit charge ("private bytes"): 341M, peak: 341M

vm_info: OpenJDK 64-Bit Server VM (24.0.2+12) for windows-amd64 JRE (24.0.2+12) (Zulu24.32+13-CA), built on 2025-07-11T12:45:44Z with MS VC++ 17.1 (VS2022)

END.
